<?xml version="1.0" encoding="UTF-8"?>
<testng-results ignored="0" total="3" passed="3" failed="0" skipped="0">
  <reporter-output>
  </reporter-output>
  <suite started-at="2025-03-20T01:11:43 IST" name="Suite" finished-at="2025-03-20T01:11:57 IST" duration-ms="14175">
    <groups>
      <group name="RegressionSuite">
        <method signature="AddlowestPriceTocart.tc_002_addlowestPriceProductTocart()[pri:0, instance:InventoryTest.AddlowestPriceTocart@5dda768f]" name="tc_002_addlowestPriceProductTocart" class="InventoryTest.AddlowestPriceTocart"/>
      </group> <!-- RegressionSuite -->
      <group name="SmokeSuite">
        <method signature="AddPrpoductTocartTest.tc_001_addproductToCart()[pri:0, instance:InventoryTest.AddPrpoductTocartTest@702657cc]" name="tc_001_addproductToCart" class="InventoryTest.AddPrpoductTocartTest"/>
      </group> <!-- SmokeSuite -->
    </groups>
    <test started-at="2025-03-20T01:11:43 IST" name="Test-Runner-2" finished-at="2025-03-20T01:11:57 IST" duration-ms="14175">
      <class name="InventoryTest.AddlowestPriceTocart">
        <test-method is-config="true" signature="bSConfig()[pri:0, instance:InventoryTest.AddlowestPriceTocart@5dda768f]" started-at="2025-03-20T01:11:43 IST" name="bSConfig" finished-at="2025-03-20T01:11:43 IST" duration-ms="9" status="PASS">
          <reporter-output>
          </reporter-output>
        </test-method> <!-- bSConfig -->
        <test-method is-config="true" signature="bcConfig()[pri:0, instance:InventoryTest.AddlowestPriceTocart@5dda768f]" started-at="2025-03-20T01:11:43 IST" name="bcConfig" finished-at="2025-03-20T01:11:55 IST" duration-ms="11772" status="PASS">
          <reporter-output>
          </reporter-output>
        </test-method> <!-- bcConfig -->
        <test-method is-config="true" signature="bMConfig()[pri:0, instance:InventoryTest.AddlowestPriceTocart@5dda768f]" started-at="2025-03-20T01:11:55 IST" name="bMConfig" finished-at="2025-03-20T01:11:55 IST" duration-ms="552" status="PASS">
          <reporter-output>
          </reporter-output>
        </test-method> <!-- bMConfig -->
        <test-method signature="tc_002_addlowestPriceProductTocart()[pri:0, instance:InventoryTest.AddlowestPriceTocart@5dda768f]" started-at="2025-03-20T01:11:55 IST" name="tc_002_addlowestPriceProductTocart" finished-at="2025-03-20T01:11:56 IST" duration-ms="1291" status="PASS">
          <reporter-output>
          </reporter-output>
        </test-method> <!-- tc_002_addlowestPriceProductTocart -->
        <test-method is-config="true" signature="aMConfig()[pri:0, instance:InventoryTest.AddlowestPriceTocart@5dda768f]" started-at="2025-03-20T01:11:56 IST" name="aMConfig" finished-at="2025-03-20T01:11:57 IST" duration-ms="259" status="PASS">
          <reporter-output>
          </reporter-output>
        </test-method> <!-- aMConfig -->
        <test-method is-config="true" signature="aCConfig()[pri:0, instance:InventoryTest.AddlowestPriceTocart@5dda768f]" started-at="2025-03-20T01:11:57 IST" name="aCConfig" finished-at="2025-03-20T01:11:57 IST" duration-ms="257" status="PASS">
          <reporter-output>
          </reporter-output>
        </test-method> <!-- aCConfig -->
        <test-method is-config="true" signature="aSConfig()[pri:0, instance:InventoryTest.AddlowestPriceTocart@5dda768f]" started-at="2025-03-20T01:11:57 IST" name="aSConfig" finished-at="2025-03-20T01:11:57 IST" duration-ms="1" status="PASS">
          <reporter-output>
          </reporter-output>
        </test-method> <!-- aSConfig -->
      </class> <!-- InventoryTest.AddlowestPriceTocart -->
    </test> <!-- Test-Runner-2 -->
    <test started-at="2025-03-20T01:11:43 IST" name="Test-Runner-1" finished-at="2025-03-20T01:11:57 IST" duration-ms="14130">
      <class name="InventoryTest.AddPrpoductTocartTest">
        <test-method is-config="true" signature="bcConfig()[pri:0, instance:InventoryTest.AddPrpoductTocartTest@702657cc]" started-at="2025-03-20T01:11:43 IST" name="bcConfig" finished-at="2025-03-20T01:11:55 IST" duration-ms="11341" status="PASS">
          <reporter-output>
          </reporter-output>
        </test-method> <!-- bcConfig -->
        <test-method is-config="true" signature="bMConfig()[pri:0, instance:InventoryTest.AddPrpoductTocartTest@702657cc]" started-at="2025-03-20T01:11:55 IST" name="bMConfig" finished-at="2025-03-20T01:11:55 IST" duration-ms="640" status="PASS">
          <reporter-output>
          </reporter-output>
        </test-method> <!-- bMConfig -->
        <test-method signature="Preactise()[pri:0, instance:InventoryTest.AddPrpoductTocartTest@702657cc]" started-at="2025-03-20T01:11:55 IST" name="Preactise" finished-at="2025-03-20T01:11:55 IST" duration-ms="23" status="PASS">
          <reporter-output>
          </reporter-output>
        </test-method> <!-- Preactise -->
        <test-method is-config="true" signature="aMConfig()[pri:0, instance:InventoryTest.AddPrpoductTocartTest@702657cc]" started-at="2025-03-20T01:11:55 IST" name="aMConfig" finished-at="2025-03-20T01:11:56 IST" duration-ms="334" status="PASS">
          <reporter-output>
          </reporter-output>
        </test-method> <!-- aMConfig -->
        <test-method is-config="true" signature="bMConfig()[pri:0, instance:InventoryTest.AddPrpoductTocartTest@702657cc]" started-at="2025-03-20T01:11:56 IST" name="bMConfig" finished-at="2025-03-20T01:11:56 IST" duration-ms="273" status="PASS">
          <reporter-output>
          </reporter-output>
        </test-method> <!-- bMConfig -->
        <test-method signature="tc_001_addproductToCart()[pri:0, instance:InventoryTest.AddPrpoductTocartTest@702657cc]" started-at="2025-03-20T01:11:56 IST" name="tc_001_addproductToCart" finished-at="2025-03-20T01:11:56 IST" duration-ms="520" status="PASS">
          <reporter-output>
          </reporter-output>
        </test-method> <!-- tc_001_addproductToCart -->
        <test-method is-config="true" signature="aMConfig()[pri:0, instance:InventoryTest.AddPrpoductTocartTest@702657cc]" started-at="2025-03-20T01:11:56 IST" name="aMConfig" finished-at="2025-03-20T01:11:57 IST" duration-ms="252" status="PASS">
          <reporter-output>
          </reporter-output>
        </test-method> <!-- aMConfig -->
        <test-method is-config="true" signature="aCConfig()[pri:0, instance:InventoryTest.AddPrpoductTocartTest@702657cc]" started-at="2025-03-20T01:11:57 IST" name="aCConfig" finished-at="2025-03-20T01:11:57 IST" duration-ms="257" status="PASS">
          <reporter-output>
          </reporter-output>
        </test-method> <!-- aCConfig -->
      </class> <!-- InventoryTest.AddPrpoductTocartTest -->
    </test> <!-- Test-Runner-1 -->
  </suite> <!-- Suite -->
</testng-results>
